<?xml version="1.0" encoding="UTF-8"?>
<!-- Generated by org.testng.reporters.JUnitReportReporter -->
<testsuite hostname="DESKTOP-PGP0HSS" failures="0" tests="1" name="test.LoginTest" time="12.246" errors="0" timestamp="2022-08-30T16:38:49 IST" skipped="0">
  <testcase classname="test.LoginTest" name="verifyloginpage" time="12.246"/>
  <system-out/>
</testsuite> <!-- test.LoginTest -->
