<?xml version="1.0" encoding="UTF-8"?>
<!-- Generated by org.testng.reporters.JUnitReportReporter -->
<testsuite hostname="DESKTOP-PGP0HSS" failures="0" tests="1" name="test.LoginTest" time="7.156" errors="0" timestamp="2022-08-27T00:46:44 IST" skipped="0">
  <testcase classname="test.LoginTest" name="verifylogin" time="7.156"/>
  <system-out/>
</testsuite> <!-- test.LoginTest -->
