<?xml version="1.0" encoding="UTF-8"?>
<!-- Generated by org.testng.reporters.JUnitReportReporter -->
<testsuite hostname="DESKTOP-PGP0HSS" failures="0" tests="1" name="test1.PimTest1" time="6.985" errors="0" timestamp="2022-08-24T01:01:53 IST" skipped="0">
  <testcase classname="test1.PimTest1" name="verifyPim" time="6.985"/>
  <system-out/>
</testsuite> <!-- test1.PimTest1 -->
