<?xml version="1.0" encoding="UTF-8"?>
<!-- Generated by org.testng.reporters.JUnitReportReporter -->
<testsuite hostname="DESKTOP-PGP0HSS" failures="0" tests="1" name="test.PimTest" time="6.235" errors="0" timestamp="2022-08-27T00:46:44 IST" skipped="0">
  <testcase classname="test.PimTest" name="verifyPimPage" time="6.235"/>
  <system-out/>
</testsuite> <!-- test.PimTest -->
