<?xml version="1.0" encoding="UTF-8"?>
<!-- Generated by org.testng.reporters.JUnitReportReporter -->
<testsuite hostname="DESKTOP-PGP0HSS" failures="0" tests="1" name="test.PimTest" time="7.208" errors="0" timestamp="2022-08-24T21:36:59 IST" skipped="0">
  <testcase classname="test.PimTest" name="verifyPimPage" time="7.208"/>
  <system-out/>
</testsuite> <!-- test.PimTest -->
