<?xml version="1.0" encoding="UTF-8"?>
<!-- Generated by org.testng.reporters.JUnitReportReporter -->
<testsuite hostname="DESKTOP-PGP0HSS" failures="0" tests="1" name="test.LeaveTest" time="14.337" errors="0" timestamp="2022-08-24T21:36:59 IST" skipped="0">
  <testcase classname="test.LeaveTest" name="verifyleavepage" time="14.337"/>
  <system-out/>
</testsuite> <!-- test.LeaveTest -->
